=== DÃĐmarrage ===
QApplication crÃĐÃĐe
Splash affichÃĐ
fitz OK
Qt OK
pdf2docx OK
pdfplumber OK
openpyxl OK
pptx OK
create_app importÃĐ
=== DÃĐmarrage ===
QApplication crÃĐÃĐe
Splash affichÃĐ
fitz OK
Qt OK
pdf2docx OK
pdfplumber OK
openpyxl OK
pptx OK
create_app importÃĐ
=== DÃĐmarrage ===
QApplication crÃĐÃĐe
Splash affichÃĐ
fitz OK
Qt OK
pdf2docx OK
pdfplumber OK
openpyxl OK
pptx OK
create_app importÃĐ
Appel create_appâĶ
  create_app: setApplicationName
  create_app: setWindowIcon
  create_app: setStyleSheet
  create_app: setStyleSheet OK  import MainWindow
  create_app: MainWindow importé  création
  create_app: MainWindow() créé  show()
=== DÃĐmarrage ===
QApplication crÃĐÃĐe
Splash affichÃĐ
fitz OK
Qt OK
pdf2docx OK
pdfplumber OK
openpyxl OK
pptx OK
create_app importÃĐ
Appel create_appâĶ
  create_app: setApplicationName
  create_app: setWindowIcon
  create_app: setStyleSheet
  create_app: setStyleSheet OK  import MainWindow
  create_app: MainWindow importé  création
  create_app: MainWindow() créé  show()
  create_app: show() OK
MainWindow crÃĐÃĐe
Splash fermÃĐ â exec()
